<?xml version="1.0" encoding="UTF-8"?>
<testsuite name="com.kwantler.ApplicationTests" time="0.015" tests="1" errors="1" skipped="0" failures="0">
  <properties>
[...]
</properties>
  <testcase name="initializationError" classname="com.kwantler.ApplicationTests" time="0.015">
    <error message="No runnable methods" type="java.lang.Exception"><![CDATA[java.lang.Exception: No runnable methods
	at org.junit.runners.BlockJUnit4ClassRunner.validateInstanceMethods(BlockJUnit4ClassRunner.java:191)
	at org.junit.runners.BlockJUnit4ClassRunner.collectInitializationErrors(BlockJUnit4ClassRunner.java:128)
	at org.junit.runners.ParentRunner.validate(ParentRunner.java:416)
	at org.junit.runners.ParentRunner.<init>(ParentRunner.java:84)
	at org.junit.runners.BlockJUnit4ClassRunner.<init>(BlockJUnit4ClassRunner.java:65)
	at org.springframework.test.context.junit4.SpringJUnit4ClassRunner.<init>(SpringJUnit4ClassRunner.java:138)
	at org.springframework.test.context.junit4.SpringRunner.<init>(SpringRunner.java:49)
	at sun.reflect.NativeConstructorAccessorImpl.newInstance0(Native Method)
	at sun.reflect.NativeConstructorAccessorImpl.newInstance(NativeConstructorAccessorImpl.java:62)
	at sun.reflect.DelegatingConstructorAccessorImpl.newInstance(DelegatingConstructorAccessorImpl.java:45)
	at java.lang.reflect.Constructor.newInstance(Constructor.java:423)
	at org.junit.internal.builders.AnnotatedBuilder.buildRunner(AnnotatedBuilder.java:104)
	at org.junit.internal.builders.AnnotatedBuilder.runnerForClass(AnnotatedBuilder.java:86)
	at org.junit.runners.model.RunnerBuilder.safeRunnerForClass(RunnerBuilder.java:59)
	at org.junit.internal.builders.AllDefaultPossibilitiesBuilder.runnerForClass(AllDefaultPossibilitiesBuilder.java:26)
	at org.junit.runners.model.RunnerBuilder.safeRunnerForClass(RunnerBuilder.java:59)
	at org.junit.internal.requests.ClassRequest.getRunner(ClassRequest.java:33)
	at org.apache.maven.surefire.junit4.JUnit4Provider.execute(JUnit4Provider.java:283)
	at org.apache.maven.surefire.junit4.JUnit4Provider.executeWithRerun(JUnit4Provider.java:173)
	at org.apache.maven.surefire.junit4.JUnit4Provider.executeTestSet(JUnit4Provider.java:153)
	at org.apache.maven.surefire.junit4.JUnit4Provider.invoke(JUnit4Provider.java:128)
	at org.apache.maven.surefire.booter.ForkedBooter.invokeProviderInSameClassLoader(ForkedBooter.java:203)
	at org.apache.maven.surefire.booter.ForkedBooter.runSuitesInProcess(ForkedBooter.java:155)
	at org.apache.maven.surefire.booter.ForkedBooter.main(ForkedBooter.java:103)
]]></error>
    <system-out><![CDATA[12:00:58.317 [main] DEBUG org.springframework.test.context.junit4.SpringJUnit4ClassRunner - SpringJUnit4ClassRunner constructor called with [class com.kwantler.mapper.User1MapperTest]
12:00:58.317 [main] DEBUG org.springframework.test.context.BootstrapUtils - Instantiating CacheAwareContextLoaderDelegate from class [org.springframework.test.context.cache.DefaultCacheAwareContextLoaderDelegate]
12:00:58.335 [main] DEBUG org.springframework.test.context.BootstrapUtils - Instantiating BootstrapContext using constructor [public org.springframework.test.context.support.DefaultBootstrapContext(java.lang.Class,org.springframework.test.context.CacheAwareContextLoaderDelegate)]
12:00:58.336 [main] DEBUG org.springframework.test.context.BootstrapUtils - Instantiating TestContextBootstrapper for test class [com.kwantler.mapper.User1MapperTest] from class [org.springframework.boot.test.context.SpringBootTestContextBootstrapper]
12:00:58.352 [main] INFO org.springframework.boot.test.context.SpringBootTestContextBootstrapper - Neither @ContextConfiguration nor @ContextHierarchy found for test class [com.kwantler.mapper.User1MapperTest], using SpringBootContextLoader
12:00:58.352 [main] DEBUG org.springframework.test.context.support.AbstractContextLoader - Did not detect default resource location for test class [com.kwantler.mapper.User1MapperTest]: class path resource [com/kwantler/mapper/User1MapperTest-context.xml] does not exist
12:00:58.352 [main] DEBUG org.springframework.test.context.support.AbstractContextLoader - Did not detect default resource location for test class [com.kwantler.mapper.User1MapperTest]: class path resource [com/kwantler/mapper/User1MapperTestContext.groovy] does not exist
12:00:58.352 [main] INFO org.springframework.test.context.support.AbstractContextLoader - Could not detect default resource locations for test class [com.kwantler.mapper.User1MapperTest]: no resource found for suffixes {-context.xml, Context.groovy}.
12:00:58.352 [main] INFO org.springframework.test.context.support.AnnotationConfigContextLoaderUtils - Could not detect default configuration classes for test class [com.kwantler.mapper.User1MapperTest]: User1MapperTest does not declare any static, non-private, non-final, nested classes annotated with @Configuration.
12:00:58.383 [main] DEBUG org.springframework.test.context.support.ActiveProfilesUtils - Could not find an 'annotation declaring class' for annotation type [org.springframework.test.context.ActiveProfiles] and class [com.kwantler.mapper.User1MapperTest]
12:00:58.383 [main] DEBUG org.springframework.core.env.StandardEnvironment - Adding [systemProperties] PropertySource with lowest search precedence
12:00:58.383 [main] DEBUG org.springframework.core.env.StandardEnvironment - Adding [systemEnvironment] PropertySource with lowest search precedence
12:00:58.383 [main] DEBUG org.springframework.core.env.StandardEnvironment - Initialized StandardEnvironment with PropertySources [systemProperties,systemEnvironment]
12:00:58.399 [main] DEBUG org.springframework.core.io.support.PathMatchingResourcePatternResolver - Resolved classpath location [com/kwantler/mapper/] to resources [URL [file:/D:/project/java/hkw/base-services/db-center/target/test-classes/com/kwantler/mapper/], URL [file:/D:/project/java/hkw/base-services/db-center/target/classes/com/kwantler/mapper/]]
12:00:58.399 [main] DEBUG org.springframework.core.io.support.PathMatchingResourcePatternResolver - Looking for matching resources in directory tree [D:\project\java\hkw\base-services\db-center\target\test-classes\com\kwantler\mapper]
12:00:58.399 [main] DEBUG org.springframework.core.io.support.PathMatchingResourcePatternResolver - Searching directory [D:\project\java\hkw\base-services\db-center\target\test-classes\com\kwantler\mapper] for files matching pattern [D:/project/java/hkw/base-services/db-center/target/test-classes/com/kwantler/mapper/*.class]
12:00:58.399 [main] DEBUG org.springframework.core.io.support.PathMatchingResourcePatternResolver - Looking for matching resources in directory tree [D:\project\java\hkw\base-services\db-center\target\classes\com\kwantler\mapper]
12:00:58.399 [main] DEBUG org.springframework.core.io.support.PathMatchingResourcePatternResolver - Searching directory [D:\project\java\hkw\base-services\db-center\target\classes\com\kwantler\mapper] for files matching pattern [D:/project/java/hkw/base-services/db-center/target/classes/com/kwantler/mapper/*.class]
12:00:58.399 [main] DEBUG org.springframework.core.io.support.PathMatchingResourcePatternResolver - Resolved location pattern [classpath*:com/kwantler/mapper/*.class] to resources [file [D:\project\java\hkw\base-services\db-center\target\test-classes\com\kwantler\mapper\User1MapperTest.class]]
12:00:58.414 [main] DEBUG org.springframework.core.io.support.PathMatchingResourcePatternResolver - Resolved classpath location [com/kwantler/] to resources [URL [file:/D:/project/java/hkw/base-services/db-center/target/test-classes/com/kwantler/], URL [file:/D:/project/java/hkw/base-services/db-center/target/classes/com/kwantler/]]
12:00:58.414 [main] DEBUG org.springframework.core.io.support.PathMatchingResourcePatternResolver - Looking for matching resources in directory tree [D:\project\java\hkw\base-services\db-center\target\test-classes\com\kwantler]
12:00:58.414 [main] DEBUG org.springframework.core.io.support.PathMatchingResourcePatternResolver - Searching directory [D:\project\java\hkw\base-services\db-center\target\test-classes\com\kwantler] for files matching pattern [D:/project/java/hkw/base-services/db-center/target/test-classes/com/kwantler/*.class]
12:00:58.414 [main] DEBUG org.springframework.core.io.support.PathMatchingResourcePatternResolver - Looking for matching resources in directory tree [D:\project\java\hkw\base-services\db-center\target\classes\com\kwantler]
12:00:58.414 [main] DEBUG org.springframework.core.io.support.PathMatchingResourcePatternResolver - Searching directory [D:\project\java\hkw\base-services\db-center\target\classes\com\kwantler] for files matching pattern [D:/project/java/hkw/base-services/db-center/target/classes/com/kwantler/*.class]
12:00:58.414 [main] DEBUG org.springframework.core.io.support.PathMatchingResourcePatternResolver - Resolved location pattern [classpath*:com/kwantler/*.class] to resources [file [D:\project\java\hkw\base-services\db-center\target\test-classes\com\kwantler\ApplicationTests.class], file [D:\project\java\hkw\base-services\db-center\target\classes\com\kwantler\DbCenterApplication.class]]
12:00:58.445 [main] DEBUG org.springframework.context.annotation.ClassPathScanningCandidateComponentProvider - Identified candidate component class: file [D:\project\java\hkw\base-services\db-center\target\classes\com\kwantler\DbCenterApplication.class]
12:00:58.445 [main] INFO org.springframework.boot.test.context.SpringBootTestContextBootstrapper - Found @SpringBootConfiguration com.kwantler.DbCenterApplication for test class com.kwantler.mapper.User1MapperTest
12:00:58.461 [main] DEBUG org.springframework.boot.test.context.SpringBootTestContextBootstrapper - @TestExecutionListeners is not present for class [com.kwantler.mapper.User1MapperTest]: using defaults.
12:00:58.461 [main] INFO org.springframework.boot.test.context.SpringBootTestContextBootstrapper - Loaded default TestExecutionListener class names from location [META-INF/spring.factories]: [org.springframework.boot.test.mock.mockito.MockitoTestExecutionListener, org.springframework.boot.test.mock.mockito.ResetMocksTestExecutionListener, org.springframework.boot.test.autoconfigure.restdocs.RestDocsTestExecutionListener, org.springframework.boot.test.autoconfigure.web.client.MockRestServiceServerResetTestExecutionListener, org.springframework.boot.test.autoconfigure.web.servlet.MockMvcPrintOnlyOnFailureTestExecutionListener, org.springframework.boot.test.autoconfigure.web.servlet.WebDriverTestExecutionListener, org.springframework.test.context.web.ServletTestExecutionListener, org.springframework.test.context.support.DirtiesContextBeforeModesTestExecutionListener, org.springframework.test.context.support.DependencyInjectionTestExecutionListener, org.springframework.test.context.support.DirtiesContextTestExecutionListener, org.springframework.test.context.transaction.TransactionalTestExecutionListener, org.springframework.test.context.jdbc.SqlScriptsTestExecutionListener]
12:00:58.477 [main] INFO org.springframework.boot.test.context.SpringBootTestContextBootstrapper - Using TestExecutionListeners: [org.springframework.test.context.web.ServletTestExecutionListener@77a57272, org.springframework.test.context.support.DirtiesContextBeforeModesTestExecutionListener@7181ae3f, org.springframework.boot.test.autoconfigure.SpringBootDependencyInjectionTestExecutionListener@46238e3f, org.springframework.test.context.support.DirtiesContextTestExecutionListener@6e2c9341, org.springframework.test.context.transaction.TransactionalTestExecutionListener@32464a14, org.springframework.test.context.jdbc.SqlScriptsTestExecutionListener@4e4aea35, org.springframework.boot.test.mock.mockito.MockitoTestExecutionListener@1442d7b5, org.springframework.boot.test.autoconfigure.restdocs.RestDocsTestExecutionListener@1efee8e7, org.springframework.boot.test.mock.mockito.ResetMocksTestExecutionListener@1ee807c6, org.springframework.boot.test.autoconfigure.web.client.MockRestServiceServerResetTestExecutionListener@76a4d6c, org.springframework.boot.test.autoconfigure.web.servlet.MockMvcPrintOnlyOnFailureTestExecutionListener@517cd4b, org.springframework.boot.test.autoconfigure.web.servlet.WebDriverTestExecutionListener@6cc7b4de]
12:00:58.477 [main] DEBUG org.springframework.test.annotation.ProfileValueUtils - Retrieved @ProfileValueSourceConfiguration [null] for test class [com.kwantler.mapper.User1MapperTest]
12:00:58.477 [main] DEBUG org.springframework.test.annotation.ProfileValueUtils - Retrieved ProfileValueSource type [class org.springframework.test.annotation.SystemProfileValueSource] for class [com.kwantler.mapper.User1MapperTest]
]]></system-out>
  </testcase>
</testsuite>